<?xml version="1.0" encoding="UTF-8"?>
<!-- Generated by org.testng.reporters.JUnitXMLReporter -->
<testsuite ignored="2" hostname="Mithun" failures="0" tests="1" name="Default test" time="21.901" errors="0" timestamp="17 Oct 2020 12:26:38 GMT">
  <testcase classname="com.CRM.qa.testcases.Homepagetest" name="verifyhomepagetitletest" time="0.028"/>
  <testcase classname="com.CRM.qa.testcases.Homepagetest" name="verifyusernametest" time="0.0">
    <ignored/>
  </testcase> <!-- verifyusernametest -->
  <testcase classname="com.CRM.qa.testcases.Homepagetest" name="verifycontactslinktest" time="0.0">
    <ignored/>
  </testcase> <!-- verifycontactslinktest -->
</testsuite> <!-- Default test -->
