<?xml version="1.0" encoding="UTF-8"?>
<!-- Generated by org.testng.reporters.JUnitXMLReporter -->
<testsuite ignored="0" hostname="Mithun" failures="0" tests="10" name="CRM Test Cases" time="201.571" errors="0" timestamp="18 Oct 2020 08:08:04 GMT">
  <testcase classname="com.CRM.qa.testcases.LoginClasstest" name="loginpagetitle" time="0.078"/>
  <testcase classname="com.CRM.qa.testcases.Homepagetest" name="verifyhomepagetitletest" time="0.01"/>
  <testcase classname="com.CRM.qa.testcases.Contactspagetest" name="verifycontactslabeltest" time="0.082"/>
  <testcase classname="com.CRM.qa.testcases.LoginClasstest" name="CRMlogotest" time="0.173"/>
  <testcase classname="com.CRM.qa.testcases.Homepagetest" name="verifyusernametest" time="0.144"/>
  <testcase classname="com.CRM.qa.testcases.Contactspagetest" name="selectsinglecontactstest" time="3.145"/>
  <testcase classname="com.CRM.qa.testcases.LoginClasstest" name="logintest" time="8.363"/>
  <testcase classname="com.CRM.qa.testcases.Homepagetest" name="verifycontactslinktest" time="3.275"/>
  <testcase classname="com.CRM.qa.testcases.Contactspagetest" name="selectmultiplecontactstest" time="16.809"/>
  <testcase classname="com.CRM.qa.testcases.Contactspagetest" name="validatecreatenewcontact" time="0.0">
    <skipped/>
  </testcase> <!-- validatecreatenewcontact -->
</testsuite> <!-- CRM Test Cases -->
