<?xml version="1.0" encoding="UTF-8"?>
<!-- Generated by org.testng.reporters.JUnitXMLReporter -->
<testsuite ignored="0" hostname="Mithun" failures="0" tests="9" name="CRM Test Cases" time="202.841" errors="0" timestamp="04 Oct 2020 17:27:28 GMT">
  <testcase classname="com.CRM.qa.testcases.LoginClasstest" name="loginpagetitle" time="0.028"/>
  <testcase classname="com.CRM.qa.testcases.Homepagetest" name="verifyhomepagetitletest" time="0.01"/>
  <testcase classname="com.CRM.qa.testcases.Contactspagetest" name="verifycontactslabeltest" time="0.088"/>
  <testcase classname="com.CRM.qa.testcases.LoginClasstest" name="CRMlogotest" time="0.072"/>
  <testcase classname="com.CRM.qa.testcases.Homepagetest" name="verifyusernametest" time="0.124"/>
  <testcase classname="com.CRM.qa.testcases.Contactspagetest" name="selectsinglecontactstest" time="3.123"/>
  <testcase classname="com.CRM.qa.testcases.LoginClasstest" name="logintest" time="7.226"/>
  <testcase classname="com.CRM.qa.testcases.Homepagetest" name="verifycontactslinktest" time="4.679"/>
  <testcase classname="com.CRM.qa.testcases.Contactspagetest" name="selectmultiplecontactstest" time="3.261"/>
</testsuite> <!-- CRM Test Cases -->
